Tue Jan 13 22:48:04 CST 2026 - Detected change in /opt/src/mvideo/.result.txt.swp. Committing...
Tue Jan 13 22:48:09 CST 2026 - Detected change in /opt/src/mvideo/.result.txt.swx. Committing...
Tue Jan 13 22:48:14 CST 2026 - Detected change in /opt/src/mvideo/.result.txt.swx. Committing...
Tue Jan 13 22:48:19 CST 2026 - Detected change in /opt/src/mvideo/.result.txt.swp. Committing...
Tue Jan 13 22:48:26 CST 2026 - Detected change in /opt/src/mvideo/.result.txt.swp. Committing...
Tue Jan 13 22:48:31 CST 2026 - Detected change in /opt/src/mvideo/.result.txt.swp. Committing...
Tue Jan 13 22:48:37 CST 2026 - Detected change in /opt/src/mvideo/autocommit.log. Committing...
Tue Jan 13 22:48:43 CST 2026 - Detected change in /opt/src/mvideo/autocommit.log. Committing...
Tue Jan 13 22:48:48 CST 2026 - Detected change in /opt/src/mvideo/.git/index.lock. Committing...
Tue Jan 13 22:48:52 CST 2026 - Detected change in /opt/src/mvideo/.git/objects/ad/tmp_obj_kY69tO. Committing...
Tue Jan 13 22:48:58 CST 2026 - Detected change in /opt/src/mvideo/.git/objects/ad/tmp_obj_kY69tO. Committing...
Tue Jan 13 22:49:05 CST 2026 - Detected change in /opt/src/mvideo/.git/objects/ad/3ed79d8233e0514ab912cacdcb4be6ecbf2a34. Committing...
Tue Jan 13 22:49:10 CST 2026 - Detected change in /opt/src/mvideo/.git/objects/ad/tmp_obj_kY69tO. Committing...
Tue Jan 13 22:49:16 CST 2026 - Detected change in /opt/src/mvideo/.git/objects/fc/tmp_obj_pFSNCL. Committing...
Tue Jan 13 22:49:22 CST 2026 - Detected change in /opt/src/mvideo/.git/objects/fc/tmp_obj_pFSNCL. Committing...
Tue Jan 13 22:49:26 CST 2026 - Detected change in /opt/src/mvideo/.git/objects/fc/b3edce8ce5798cab3f95a840c41d2bfe841139. Committing...
Tue Jan 13 22:49:32 CST 2026 - Detected change in /opt/src/mvideo/.git/objects/fc/tmp_obj_pFSNCL. Committing...
Tue Jan 13 22:49:37 CST 2026 - Detected change in /opt/src/mvideo/.git/index.lock. Committing...
Tue Jan 13 22:49:42 CST 2026 - Detected change in /opt/src/mvideo/.git/index.lock. Committing...
Tue Jan 13 22:49:47 CST 2026 - Detected change in /opt/src/mvideo/.git/index. Committing...
